Copyright 1986-2018 Xilinx, Inc. All Rights Reserved.
-------------------------------------------------------------------------------------------
| Tool Version : Vivado v.2018.3 (win64) Build 2405991 Thu Dec  6 23:38:27 MST 2018
| Date         : Wed Dec 15 18:51:17 2021
| Host         : 612-18 running 64-bit major release  (build 9200)
| Command      : report_control_sets -verbose -file calculator_top_control_sets_placed.rpt
| Design       : calculator_top
| Device       : xc7a100t
-------------------------------------------------------------------------------------------

Control Set Information

Table of Contents
-----------------
1. Summary
2. Histogram
3. Flip-Flop Distribution
4. Detailed Control Set Information

1. Summary
----------

+----------------------------------------------------------+-------+
|                          Status                          | Count |
+----------------------------------------------------------+-------+
| Number of unique control sets                            |     5 |
| Unused register locations in slices containing registers |     7 |
+----------------------------------------------------------+-------+


2. Histogram
------------

+--------+--------------+
| Fanout | Control Sets |
+--------+--------------+
|      1 |            1 |
|      8 |            1 |
|    16+ |            3 |
+--------+--------------+


3. Flip-Flop Distribution
-------------------------

+--------------+-----------------------+------------------------+-----------------+--------------+
| Clock Enable | Synchronous Set/Reset | Asynchronous Set/Reset | Total Registers | Total Slices |
+--------------+-----------------------+------------------------+-----------------+--------------+
| No           | No                    | No                     |               0 |            0 |
| No           | No                    | Yes                    |              32 |            7 |
| No           | Yes                   | No                     |               0 |            0 |
| Yes          | No                    | No                     |               1 |            1 |
| Yes          | No                    | Yes                    |             104 |           50 |
| Yes          | Yes                   | No                     |               0 |            0 |
+--------------+-----------------------+------------------------+-----------------+--------------+


4. Detailed Control Set Information
-----------------------------------

+--------------------------+------------------------------------------+------------------+------------------+----------------+
|       Clock Signal       |               Enable Signal              | Set/Reset Signal | Slice Load Count | Bel Load Count |
+--------------------------+------------------------------------------+------------------+------------------+----------------+
|  u_clk_div/inst/clk_out1 | u_calculator_hex/p_0_in                  |                  |                1 |              1 |
|  u_clk_div/inst/clk_out1 | u_calculator_display/u_led_display/cnt_1 | rst_IBUF         |                3 |              8 |
|  u_clk_div/inst/clk_out1 |                                          | rst_IBUF         |                7 |             32 |
|  u_clk_div/inst/clk_out1 | u_calculator_hex/prev_result0            | rst_IBUF         |               18 |             32 |
|  u_clk_div/inst/clk_out1 | u_calculator_hex/E[0]                    | rst_IBUF         |               29 |             64 |
+--------------------------+------------------------------------------+------------------+------------------+----------------+


