Copyright 1986-2018 Xilinx, Inc. All Rights Reserved.
-------------------------------------------------------------------------------------------
| Tool Version : Vivado v.2018.3 (win64) Build 2405991 Thu Dec  6 23:38:27 MST 2018
| Date         : Wed Nov 10 15:19:43 2021
| Host         : Chiro running 64-bit major release  (build 9200)
| Command      : report_control_sets -verbose -file holiday_lights_control_sets_placed.rpt
| Design       : holiday_lights
| Device       : xc7a100t
-------------------------------------------------------------------------------------------

Control Set Information

Table of Contents
-----------------
1. Summary
2. Histogram
3. Flip-Flop Distribution
4. Detailed Control Set Information

1. Summary
----------

+----------------------------------------------------------+-------+
|                          Status                          | Count |
+----------------------------------------------------------+-------+
| Number of unique control sets                            |     3 |
| Unused register locations in slices containing registers |     6 |
+----------------------------------------------------------+-------+


2. Histogram
------------

+--------+--------------+
| Fanout | Control Sets |
+--------+--------------+
|      2 |            1 |
|    16+ |            2 |
+--------+--------------+


3. Flip-Flop Distribution
-------------------------

+--------------+-----------------------+------------------------+-----------------+--------------+
| Clock Enable | Synchronous Set/Reset | Asynchronous Set/Reset | Total Registers | Total Slices |
+--------------+-----------------------+------------------------+-----------------+--------------+
| No           | No                    | No                     |               0 |            0 |
| No           | No                    | Yes                    |               0 |            0 |
| No           | Yes                   | No                     |               0 |            0 |
| Yes          | No                    | No                     |               0 |            0 |
| Yes          | No                    | Yes                    |              66 |           24 |
| Yes          | Yes                   | No                     |               0 |            0 |
+--------------+-----------------------+------------------------+-----------------+--------------+


4. Detailed Control Set Information
-----------------------------------

+----------------+---------------------------------+------------------+------------------+----------------+
|  Clock Signal  |          Enable Signal          | Set/Reset Signal | Slice Load Count | Bel Load Count |
+----------------+---------------------------------+------------------+------------------+----------------+
|  clk_IBUF_BUFG | FSM_sequential_state[1]_i_1_n_0 | rst_IBUF         |                1 |              2 |
|  clk_IBUF_BUFG | led[15]_i_1_n_0                 | rst_IBUF         |               11 |             32 |
|  clk_IBUF_BUFG | tim[31]_i_1_n_0                 | rst_IBUF         |               12 |             32 |
+----------------+---------------------------------+------------------+------------------+----------------+


