#-----------------------------------------------------------
# Vivado v2018.3 (64-bit)
# SW Build 2405991 on Thu Dec  6 23:38:27 MST 2018
# IP Build 2404404 on Fri Dec  7 01:43:56 MST 2018
# Start of session at: Fri Nov 26 15:12:09 2021
# Process ID: 12052
# Current directory: C:/Users/Administrator/Desktop/led_display_ctrl
# Command line: vivado.exe -gui_launcher_event rodinguilauncherevent14980 C:\Users\Administrator\Desktop\led_display_ctrl\led_display_ctrl.xpr
# Log file: C:/Users/Administrator/Desktop/led_display_ctrl/vivado.log
# Journal file: C:/Users/Administrator/Desktop/led_display_ctrl\vivado.jou
#-----------------------------------------------------------
start_gui
open_project C:/Users/Administrator/Desktop/led_display_ctrl/led_display_ctrl.xpr
Scanning sources...
Finished scanning sources
INFO: [IP_Flow 19-234] Refreshing IP repositories
INFO: [IP_Flow 19-1704] No user IP repositories specified
INFO: [IP_Flow 19-2313] Loaded Vivado IP repository 'C:/Xilinx/Vivado/2018.3/data/ip'.
update_compile_order -fileset sources_1
exit
INFO: [Common 17-206] Exiting Vivado at Fri Nov 26 17:39:46 2021...
