
*** Running vivado
    with args -log calculator_top.vds -m64 -product Vivado -mode batch -messageDb vivado.pb -notrace -source calculator_top.tcl


****** Vivado v2018.3 (64-bit)
  **** SW Build 2405991 on Thu Dec  6 23:38:27 MST 2018
  **** IP Build 2404404 on Fri Dec  7 01:43:56 MST 2018
    ** Copyright 1986-2018 Xilinx, Inc. All Rights Reserved.

source calculator_top.tcl -notrace
Command: synth_design -top calculator_top -part xc7a100tfgg484-1
Starting synth_design
Attempting to get a license for feature 'Synthesis' and/or device 'xc7a100t'
INFO: [Common 17-349] Got license for feature 'Synthesis' and/or device 'xc7a100t'
INFO: Launching helper process for spawning children vivado processes
INFO: Helper process launched with PID 9996 
WARNING: [Synth 8-2507] parameter declaration becomes local in calculator_alu with formal parameter declaration list [Z:/Programs/lab-digital-logic/lab06/submit/calculator_hex.v:95]
WARNING: [Synth 8-2507] parameter declaration becomes local in calculator_alu with formal parameter declaration list [Z:/Programs/lab-digital-logic/lab06/submit/calculator_hex.v:96]
WARNING: [Synth 8-2507] parameter declaration becomes local in calculator_alu with formal parameter declaration list [Z:/Programs/lab-digital-logic/lab06/submit/calculator_hex.v:97]
WARNING: [Synth 8-2507] parameter declaration becomes local in calculator_alu with formal parameter declaration list [Z:/Programs/lab-digital-logic/lab06/submit/calculator_hex.v:98]
WARNING: [Synth 8-2507] parameter declaration becomes local in calculator_alu with formal parameter declaration list [Z:/Programs/lab-digital-logic/lab06/submit/calculator_hex.v:99]
WARNING: [Synth 8-2507] parameter declaration becomes local in calculator_alu with formal parameter declaration list [Z:/Programs/lab-digital-logic/lab06/submit/calculator_hex.v:100]
WARNING: [Synth 8-2507] parameter declaration becomes local in calculator_alu with formal parameter declaration list [Z:/Programs/lab-digital-logic/lab06/submit/calculator_hex.v:101]
---------------------------------------------------------------------------------
Starting RTL Elaboration : Time (s): cpu = 00:00:01 ; elapsed = 00:00:02 . Memory (MB): peak = 481.402 ; gain = 112.434
---------------------------------------------------------------------------------
INFO: [Synth 8-6157] synthesizing module 'calculator_top' [Z:/Programs/lab-digital-logic/lab06/submit/calculator_top.v:1]
INFO: [Synth 8-6157] synthesizing module 'clk_div' [Z:/Programs/lab-digital-logic/lab06/lab/lab.runs/synth_1/.Xil/Vivado-9508-PA43/realtime/clk_div_stub.v:5]
INFO: [Synth 8-6155] done synthesizing module 'clk_div' (1#1) [Z:/Programs/lab-digital-logic/lab06/lab/lab.runs/synth_1/.Xil/Vivado-9508-PA43/realtime/clk_div_stub.v:5]
INFO: [Synth 8-6157] synthesizing module 'calculator_hex' [Z:/Programs/lab-digital-logic/lab06/submit/calculator_hex.v:1]
	Parameter WIDTH_NUM1 bound to: 32 - type: integer 
	Parameter WIDTH_NUM2 bound to: 32 - type: integer 
	Parameter WIDTH_RESULT bound to: 32 - type: integer 
INFO: [Synth 8-6157] synthesizing module 'calculator_alu' [Z:/Programs/lab-digital-logic/lab06/submit/calculator_hex.v:81]
	Parameter WIDTH_NUM1 bound to: 32 - type: integer 
	Parameter WIDTH_NUM2 bound to: 32 - type: integer 
	Parameter WIDTH_RESULT bound to: 32 - type: integer 
	Parameter OP_ADD bound to: 3'b000 
	Parameter OP_MINUS bound to: 3'b001 
	Parameter OP_MUL bound to: 3'b010 
	Parameter OP_DIV bound to: 3'b011 
	Parameter OP_MOD bound to: 3'b100 
	Parameter OP_SQUARE bound to: 3'b101 
	Parameter INIT_RESULT bound to: 0 - type: integer 
INFO: [Synth 8-6155] done synthesizing module 'calculator_alu' (2#1) [Z:/Programs/lab-digital-logic/lab06/submit/calculator_hex.v:81]
INFO: [Synth 8-6155] done synthesizing module 'calculator_hex' (3#1) [Z:/Programs/lab-digital-logic/lab06/submit/calculator_hex.v:1]
INFO: [Synth 8-6157] synthesizing module 'calculator_display' [Z:/Programs/lab-digital-logic/lab06/submit/calculator_display.v:60]
	Parameter WIDTH_RESULT bound to: 32 - type: integer 
	Parameter DELAY bound to: 5000 - type: integer 
INFO: [Synth 8-6157] synthesizing module 'led_display' [Z:/Programs/lab-digital-logic/lab06/submit/calculator_display.v:1]
	Parameter DELAY bound to: 5000 - type: integer 
	Parameter WIDTH_RES bound to: 32 - type: integer 
	Parameter COUNT_NUM bound to: 8 - type: integer 
INFO: [Synth 8-6155] done synthesizing module 'led_display' (4#1) [Z:/Programs/lab-digital-logic/lab06/submit/calculator_display.v:1]
INFO: [Synth 8-6155] done synthesizing module 'calculator_display' (5#1) [Z:/Programs/lab-digital-logic/lab06/submit/calculator_display.v:60]
INFO: [Synth 8-6155] done synthesizing module 'calculator_top' (6#1) [Z:/Programs/lab-digital-logic/lab06/submit/calculator_top.v:1]
---------------------------------------------------------------------------------
Finished RTL Elaboration : Time (s): cpu = 00:00:02 ; elapsed = 00:00:05 . Memory (MB): peak = 515.480 ; gain = 146.512
---------------------------------------------------------------------------------

Report Check Netlist: 
+------+------------------+-------+---------+-------+------------------+
|      |Item              |Errors |Warnings |Status |Description       |
+------+------------------+-------+---------+-------+------------------+
|1     |multi_driven_nets |      0|        0|Passed |Multi driven nets |
+------+------------------+-------+---------+-------+------------------+
---------------------------------------------------------------------------------
Start Handling Custom Attributes
---------------------------------------------------------------------------------
---------------------------------------------------------------------------------
Finished Handling Custom Attributes : Time (s): cpu = 00:00:02 ; elapsed = 00:00:06 . Memory (MB): peak = 515.480 ; gain = 146.512
---------------------------------------------------------------------------------
---------------------------------------------------------------------------------
Finished RTL Optimization Phase 1 : Time (s): cpu = 00:00:02 ; elapsed = 00:00:06 . Memory (MB): peak = 515.480 ; gain = 146.512
---------------------------------------------------------------------------------
INFO: [Device 21-403] Loading part xc7a100tfgg484-1
INFO: [Project 1-570] Preparing netlist for logic optimization

Processing XDC Constraints
Initializing timing engine
Parsing XDC File [z:/Programs/lab-digital-logic/lab06/lab/lab.srcs/sources_1/ip/clk_div/clk_div/clk_div_in_context.xdc] for cell 'u_clk_div'
Finished Parsing XDC File [z:/Programs/lab-digital-logic/lab06/lab/lab.srcs/sources_1/ip/clk_div/clk_div/clk_div_in_context.xdc] for cell 'u_clk_div'
Parsing XDC File [Z:/Programs/lab-digital-logic/lab06/lab/lab.srcs/constrs_1/new/lab.xdc]
Finished Parsing XDC File [Z:/Programs/lab-digital-logic/lab06/lab/lab.srcs/constrs_1/new/lab.xdc]
INFO: [Project 1-236] Implementation specific constraints were found while reading constraint file [Z:/Programs/lab-digital-logic/lab06/lab/lab.srcs/constrs_1/new/lab.xdc]. These constraints will be ignored for synthesis but will be used in implementation. Impacted constraints are listed in the file [.Xil/calculator_top_propImpl.xdc].
Resolution: To avoid this warning, move constraints listed in [.Xil/calculator_top_propImpl.xdc] to another XDC file and exclude this new file from synthesis with the used_in_synthesis property (File Properties dialog in GUI) and re-run elaboration/synthesis.
Netlist sorting complete. Time (s): cpu = 00:00:00 ; elapsed = 00:00:00 . Memory (MB): peak = 878.391 ; gain = 0.000
Completed Processing XDC Constraints

Netlist sorting complete. Time (s): cpu = 00:00:00 ; elapsed = 00:00:00 . Memory (MB): peak = 878.391 ; gain = 0.000
INFO: [Project 1-111] Unisim Transformation Summary:
No Unisim elements were transformed.

Netlist sorting complete. Time (s): cpu = 00:00:00 ; elapsed = 00:00:00.001 . Memory (MB): peak = 878.391 ; gain = 0.000
Constraint Validation Runtime : Time (s): cpu = 00:00:00 ; elapsed = 00:00:00.113 . Memory (MB): peak = 878.391 ; gain = 0.000
---------------------------------------------------------------------------------
Finished Constraint Validation : Time (s): cpu = 00:00:07 ; elapsed = 00:00:28 . Memory (MB): peak = 878.391 ; gain = 509.422
---------------------------------------------------------------------------------
---------------------------------------------------------------------------------
Start Loading Part and Timing Information
---------------------------------------------------------------------------------
Loading part: xc7a100tfgg484-1
---------------------------------------------------------------------------------
Finished Loading Part and Timing Information : Time (s): cpu = 00:00:07 ; elapsed = 00:00:28 . Memory (MB): peak = 878.391 ; gain = 509.422
---------------------------------------------------------------------------------
---------------------------------------------------------------------------------
Start Applying 'set_property' XDC Constraints
---------------------------------------------------------------------------------
Applied set_property IO_BUFFER_TYPE = NONE for clk. (constraint file  z:/Programs/lab-digital-logic/lab06/lab/lab.srcs/sources_1/ip/clk_div/clk_div/clk_div_in_context.xdc, line 3).
Applied set_property CLOCK_BUFFER_TYPE = NONE for clk. (constraint file  z:/Programs/lab-digital-logic/lab06/lab/lab.srcs/sources_1/ip/clk_div/clk_div/clk_div_in_context.xdc, line 4).
Applied set_property DONT_TOUCH = true for u_clk_div. (constraint file  auto generated constraint, line ).
---------------------------------------------------------------------------------
Finished applying 'set_property' XDC Constraints : Time (s): cpu = 00:00:07 ; elapsed = 00:00:28 . Memory (MB): peak = 878.391 ; gain = 509.422
---------------------------------------------------------------------------------
INFO: [Synth 8-5818] HDL ADVISOR - The operator resource <adder> is shared. To prevent sharing consider applying a KEEP on the output of the operator [Z:/Programs/lab-digital-logic/lab06/submit/calculator_hex.v:134]
INFO: [Synth 8-5818] HDL ADVISOR - The operator resource <multiplier> is shared. To prevent sharing consider applying a KEEP on the output of the operator [Z:/Programs/lab-digital-logic/lab06/submit/calculator_hex.v:134]
INFO: [Synth 8-5845] Not enough pipeline registers after wide multiplier. Recommended levels of pipeline registers is 4 [Z:/Programs/lab-digital-logic/lab06/submit/calculator_hex.v:151]
INFO: [Synth 8-5545] ROM "cnt" won't be mapped to RAM because address size (32) is larger than maximum supported(25)
INFO: [Synth 8-5545] ROM "tim" won't be mapped to RAM because address size (32) is larger than maximum supported(25)
---------------------------------------------------------------------------------
Finished RTL Optimization Phase 2 : Time (s): cpu = 00:00:07 ; elapsed = 00:00:31 . Memory (MB): peak = 878.391 ; gain = 509.422
---------------------------------------------------------------------------------

Report RTL Partitions: 
+-+--------------+------------+----------+
| |RTL Partition |Replication |Instances |
+-+--------------+------------+----------+
+-+--------------+------------+----------+
---------------------------------------------------------------------------------
Start RTL Component Statistics 
---------------------------------------------------------------------------------
Detailed RTL Component Info : 
+---Adders : 
	   3 Input     32 Bit       Adders := 1     
	   2 Input     32 Bit       Adders := 2     
	   2 Input      8 Bit       Adders := 1     
+---Registers : 
	               32 Bit    Registers := 6     
	                8 Bit    Registers := 17    
	                1 Bit    Registers := 9     
+---Muxes : 
	   2 Input     32 Bit        Muxes := 2     
	   7 Input     32 Bit        Muxes := 2     
	   2 Input      8 Bit        Muxes := 3     
	   2 Input      1 Bit        Muxes := 4     
---------------------------------------------------------------------------------
Finished RTL Component Statistics 
---------------------------------------------------------------------------------
---------------------------------------------------------------------------------
Start RTL Hierarchical Component Statistics 
---------------------------------------------------------------------------------
Hierarchical RTL Component report 
Module calculator_alu 
Detailed RTL Component Info : 
+---Adders : 
	   3 Input     32 Bit       Adders := 1     
	   2 Input     32 Bit       Adders := 1     
+---Registers : 
	               32 Bit    Registers := 1     
	                1 Bit    Registers := 4     
+---Muxes : 
	   2 Input     32 Bit        Muxes := 1     
	   7 Input     32 Bit        Muxes := 2     
	   2 Input      1 Bit        Muxes := 1     
Module calculator_hex 
Detailed RTL Component Info : 
+---Registers : 
	               32 Bit    Registers := 3     
	                1 Bit    Registers := 4     
+---Muxes : 
	   2 Input      1 Bit        Muxes := 2     
Module led_display 
Detailed RTL Component Info : 
+---Adders : 
	   2 Input     32 Bit       Adders := 1     
	   2 Input      8 Bit       Adders := 1     
+---Registers : 
	               32 Bit    Registers := 1     
	                8 Bit    Registers := 17    
+---Muxes : 
	   2 Input     32 Bit        Muxes := 1     
	   2 Input      8 Bit        Muxes := 2     
	   2 Input      1 Bit        Muxes := 1     
Module calculator_display 
Detailed RTL Component Info : 
+---Registers : 
	               32 Bit    Registers := 1     
	                1 Bit    Registers := 1     
+---Muxes : 
	   2 Input      8 Bit        Muxes := 1     
---------------------------------------------------------------------------------
Finished RTL Hierarchical Component Statistics
---------------------------------------------------------------------------------
---------------------------------------------------------------------------------
Start Part Resource Summary
---------------------------------------------------------------------------------
Part Resources:
DSPs: 240 (col length:80)
BRAMs: 270 (col length: RAMB18 80 RAMB36 40)
---------------------------------------------------------------------------------
Finished Part Resource Summary
---------------------------------------------------------------------------------
---------------------------------------------------------------------------------
Start Cross Boundary and Area Optimization
---------------------------------------------------------------------------------
Warning: Parallel synthesis criteria is not met 
DSP Report: Generating DSP p_1_out, operation Mode is: A*B.
DSP Report: operator p_1_out is absorbed into DSP p_1_out.
DSP Report: operator p_0_out is absorbed into DSP p_1_out.
DSP Report: Generating DSP p_1_out, operation Mode is: A*B.
DSP Report: operator p_1_out is absorbed into DSP p_1_out.
DSP Report: operator p_0_out is absorbed into DSP p_1_out.
DSP Report: Generating DSP p_1_out, operation Mode is: (PCIN>>17)+A*B.
DSP Report: operator p_1_out is absorbed into DSP p_1_out.
DSP Report: operator p_0_out is absorbed into DSP p_1_out.
INFO: [Synth 8-5545] ROM "u_calculator_display/u_led_display/tim" won't be mapped to RAM because address size (32) is larger than maximum supported(25)
INFO: [Synth 8-5545] ROM "u_calculator_display/u_led_display/cnt" won't be mapped to RAM because address size (32) is larger than maximum supported(25)
INFO: [Synth 8-3886] merging instance 'u_calculator_hex/alu_op1_reg[31]' (FDCE) to 'u_calculator_hex/alu_op2_reg[8]'
INFO: [Synth 8-3886] merging instance 'u_calculator_hex/alu_op1_reg[8]' (FDCE) to 'u_calculator_hex/alu_op2_reg[8]'
INFO: [Synth 8-3886] merging instance 'u_calculator_hex/alu_op1_reg[9]' (FDCE) to 'u_calculator_hex/alu_op2_reg[8]'
INFO: [Synth 8-3886] merging instance 'u_calculator_hex/alu_op1_reg[10]' (FDCE) to 'u_calculator_hex/alu_op2_reg[8]'
INFO: [Synth 8-3886] merging instance 'u_calculator_hex/alu_op1_reg[11]' (FDCE) to 'u_calculator_hex/alu_op2_reg[8]'
INFO: [Synth 8-3886] merging instance 'u_calculator_hex/alu_op1_reg[12]' (FDCE) to 'u_calculator_hex/alu_op2_reg[8]'
INFO: [Synth 8-3886] merging instance 'u_calculator_hex/alu_op1_reg[13]' (FDCE) to 'u_calculator_hex/alu_op2_reg[8]'
INFO: [Synth 8-3886] merging instance 'u_calculator_hex/alu_op1_reg[14]' (FDCE) to 'u_calculator_hex/alu_op2_reg[8]'
INFO: [Synth 8-3886] merging instance 'u_calculator_hex/alu_op1_reg[15]' (FDCE) to 'u_calculator_hex/alu_op2_reg[8]'
INFO: [Synth 8-3886] merging instance 'u_calculator_hex/alu_op1_reg[16]' (FDCE) to 'u_calculator_hex/alu_op2_reg[8]'
INFO: [Synth 8-3886] merging instance 'u_calculator_hex/alu_op1_reg[17]' (FDCE) to 'u_calculator_hex/alu_op2_reg[8]'
INFO: [Synth 8-3886] merging instance 'u_calculator_hex/alu_op1_reg[18]' (FDCE) to 'u_calculator_hex/alu_op2_reg[8]'
INFO: [Synth 8-3886] merging instance 'u_calculator_hex/alu_op1_reg[19]' (FDCE) to 'u_calculator_hex/alu_op2_reg[8]'
INFO: [Synth 8-3886] merging instance 'u_calculator_hex/alu_op1_reg[20]' (FDCE) to 'u_calculator_hex/alu_op2_reg[8]'
INFO: [Synth 8-3886] merging instance 'u_calculator_hex/alu_op1_reg[21]' (FDCE) to 'u_calculator_hex/alu_op2_reg[8]'
INFO: [Synth 8-3886] merging instance 'u_calculator_hex/alu_op1_reg[22]' (FDCE) to 'u_calculator_hex/alu_op2_reg[8]'
INFO: [Synth 8-3886] merging instance 'u_calculator_hex/alu_op1_reg[23]' (FDCE) to 'u_calculator_hex/alu_op2_reg[8]'
INFO: [Synth 8-3886] merging instance 'u_calculator_hex/alu_op1_reg[24]' (FDCE) to 'u_calculator_hex/alu_op2_reg[8]'
INFO: [Synth 8-3886] merging instance 'u_calculator_hex/alu_op1_reg[25]' (FDCE) to 'u_calculator_hex/alu_op2_reg[8]'
INFO: [Synth 8-3886] merging instance 'u_calculator_hex/alu_op1_reg[26]' (FDCE) to 'u_calculator_hex/alu_op2_reg[8]'
INFO: [Synth 8-3886] merging instance 'u_calculator_hex/alu_op1_reg[27]' (FDCE) to 'u_calculator_hex/alu_op2_reg[8]'
INFO: [Synth 8-3886] merging instance 'u_calculator_hex/alu_op1_reg[28]' (FDCE) to 'u_calculator_hex/alu_op2_reg[8]'
INFO: [Synth 8-3886] merging instance 'u_calculator_hex/alu_op1_reg[29]' (FDCE) to 'u_calculator_hex/alu_op2_reg[8]'
INFO: [Synth 8-3886] merging instance 'u_calculator_hex/alu_op1_reg[30]' (FDCE) to 'u_calculator_hex/alu_op2_reg[8]'
INFO: [Synth 8-3886] merging instance 'u_calculator_hex/alu_op2_reg[8]' (FDCE) to 'u_calculator_hex/alu_op2_reg[9]'
INFO: [Synth 8-3886] merging instance 'u_calculator_hex/alu_op2_reg[9]' (FDCE) to 'u_calculator_hex/alu_op2_reg[10]'
INFO: [Synth 8-3886] merging instance 'u_calculator_hex/alu_op2_reg[10]' (FDCE) to 'u_calculator_hex/alu_op2_reg[11]'
INFO: [Synth 8-3886] merging instance 'u_calculator_hex/alu_op2_reg[11]' (FDCE) to 'u_calculator_hex/alu_op2_reg[12]'
INFO: [Synth 8-3886] merging instance 'u_calculator_hex/alu_op2_reg[12]' (FDCE) to 'u_calculator_hex/alu_op2_reg[13]'
INFO: [Synth 8-3886] merging instance 'u_calculator_hex/alu_op2_reg[13]' (FDCE) to 'u_calculator_hex/alu_op2_reg[14]'
INFO: [Synth 8-3886] merging instance 'u_calculator_hex/alu_op2_reg[14]' (FDCE) to 'u_calculator_hex/alu_op2_reg[15]'
INFO: [Synth 8-3886] merging instance 'u_calculator_hex/alu_op2_reg[15]' (FDCE) to 'u_calculator_hex/alu_op2_reg[16]'
INFO: [Synth 8-3886] merging instance 'u_calculator_hex/alu_op2_reg[16]' (FDCE) to 'u_calculator_hex/alu_op2_reg[17]'
INFO: [Synth 8-3886] merging instance 'u_calculator_hex/alu_op2_reg[17]' (FDCE) to 'u_calculator_hex/alu_op2_reg[18]'
INFO: [Synth 8-3886] merging instance 'u_calculator_hex/alu_op2_reg[18]' (FDCE) to 'u_calculator_hex/alu_op2_reg[19]'
INFO: [Synth 8-3886] merging instance 'u_calculator_hex/alu_op2_reg[19]' (FDCE) to 'u_calculator_hex/alu_op2_reg[20]'
INFO: [Synth 8-3886] merging instance 'u_calculator_hex/alu_op2_reg[20]' (FDCE) to 'u_calculator_hex/alu_op2_reg[21]'
INFO: [Synth 8-3886] merging instance 'u_calculator_hex/alu_op2_reg[21]' (FDCE) to 'u_calculator_hex/alu_op2_reg[22]'
INFO: [Synth 8-3886] merging instance 'u_calculator_hex/alu_op2_reg[22]' (FDCE) to 'u_calculator_hex/alu_op2_reg[23]'
INFO: [Synth 8-3886] merging instance 'u_calculator_hex/alu_op2_reg[23]' (FDCE) to 'u_calculator_hex/alu_op2_reg[24]'
INFO: [Synth 8-3886] merging instance 'u_calculator_hex/alu_op2_reg[24]' (FDCE) to 'u_calculator_hex/alu_op2_reg[25]'
INFO: [Synth 8-3886] merging instance 'u_calculator_hex/alu_op2_reg[25]' (FDCE) to 'u_calculator_hex/alu_op2_reg[26]'
INFO: [Synth 8-3886] merging instance 'u_calculator_hex/alu_op2_reg[26]' (FDCE) to 'u_calculator_hex/alu_op2_reg[27]'
INFO: [Synth 8-3886] merging instance 'u_calculator_hex/alu_op2_reg[27]' (FDCE) to 'u_calculator_hex/alu_op2_reg[28]'
INFO: [Synth 8-3886] merging instance 'u_calculator_hex/alu_op2_reg[28]' (FDCE) to 'u_calculator_hex/alu_op2_reg[29]'
INFO: [Synth 8-3886] merging instance 'u_calculator_hex/alu_op2_reg[29]' (FDCE) to 'u_calculator_hex/alu_op2_reg[30]'
INFO: [Synth 8-3886] merging instance 'u_calculator_hex/alu_op2_reg[30]' (FDCE) to 'u_calculator_hex/alu_op2_reg[31]'
INFO: [Synth 8-3333] propagating constant 0 across sequential element (\u_calculator_hex/alu_op2_reg[31] )
INFO: [Synth 8-3333] propagating constant 0 across sequential element (\u_calculator_display/u_led_display/map_reg[15][7] )
INFO: [Synth 8-3333] propagating constant 0 across sequential element (\u_calculator_display/u_led_display/map_reg[14][7] )
INFO: [Synth 8-3333] propagating constant 0 across sequential element (\u_calculator_display/u_led_display/map_reg[13][7] )
INFO: [Synth 8-3333] propagating constant 0 across sequential element (\u_calculator_display/u_led_display/map_reg[12][7] )
INFO: [Synth 8-3333] propagating constant 0 across sequential element (\u_calculator_display/u_led_display/map_reg[11][7] )
INFO: [Synth 8-3333] propagating constant 0 across sequential element (\u_calculator_display/u_led_display/map_reg[10][7] )
INFO: [Synth 8-3333] propagating constant 0 across sequential element (\u_calculator_display/u_led_display/map_reg[9][7] )
INFO: [Synth 8-3333] propagating constant 0 across sequential element (\u_calculator_display/u_led_display/map_reg[8][7] )
INFO: [Synth 8-3333] propagating constant 0 across sequential element (\u_calculator_display/u_led_display/map_reg[7][7] )
INFO: [Synth 8-3333] propagating constant 0 across sequential element (\u_calculator_display/u_led_display/map_reg[6][7] )
INFO: [Synth 8-3333] propagating constant 0 across sequential element (\u_calculator_display/u_led_display/map_reg[5][7] )
INFO: [Synth 8-3333] propagating constant 0 across sequential element (\u_calculator_display/u_led_display/map_reg[4][7] )
INFO: [Synth 8-3333] propagating constant 0 across sequential element (\u_calculator_display/u_led_display/map_reg[3][7] )
INFO: [Synth 8-3333] propagating constant 0 across sequential element (\u_calculator_display/u_led_display/map_reg[2][7] )
INFO: [Synth 8-3333] propagating constant 0 across sequential element (\u_calculator_display/u_led_display/map_reg[1][7] )
INFO: [Synth 8-3333] propagating constant 0 across sequential element (\u_calculator_display/u_led_display/map_reg[0][7] )
INFO: [Synth 8-3333] propagating constant 1 across sequential element (\u_calculator_display/u_led_display/map_reg[15][6] )
INFO: [Synth 8-3333] propagating constant 1 across sequential element (\u_calculator_display/u_led_display/map_reg[14][6] )
INFO: [Synth 8-3333] propagating constant 1 across sequential element (\u_calculator_display/u_led_display/map_reg[13][6] )
INFO: [Synth 8-3333] propagating constant 1 across sequential element (\u_calculator_display/u_led_display/map_reg[12][6] )
INFO: [Synth 8-3333] propagating constant 1 across sequential element (\u_calculator_display/u_led_display/map_reg[11][6] )
INFO: [Synth 8-3333] propagating constant 1 across sequential element (\u_calculator_display/u_led_display/map_reg[10][6] )
INFO: [Synth 8-3333] propagating constant 1 across sequential element (\u_calculator_display/u_led_display/map_reg[9][6] )
INFO: [Synth 8-3333] propagating constant 1 across sequential element (\u_calculator_display/u_led_display/map_reg[8][6] )
INFO: [Synth 8-3333] propagating constant 0 across sequential element (\u_calculator_display/u_led_display/map_reg[7][6] )
INFO: [Synth 8-3333] propagating constant 1 across sequential element (\u_calculator_display/u_led_display/map_reg[6][6] )
INFO: [Synth 8-3333] propagating constant 1 across sequential element (\u_calculator_display/u_led_display/map_reg[5][6] )
INFO: [Synth 8-3333] propagating constant 1 across sequential element (\u_calculator_display/u_led_display/map_reg[4][6] )
INFO: [Synth 8-3333] propagating constant 1 across sequential element (\u_calculator_display/u_led_display/map_reg[3][6] )
INFO: [Synth 8-3333] propagating constant 1 across sequential element (\u_calculator_display/u_led_display/map_reg[2][6] )
INFO: [Synth 8-3333] propagating constant 0 across sequential element (\u_calculator_display/u_led_display/map_reg[1][6] )
INFO: [Synth 8-3333] propagating constant 0 across sequential element (\u_calculator_display/u_led_display/map_reg[0][6] )
INFO: [Synth 8-3333] propagating constant 1 across sequential element (\u_calculator_display/u_led_display/map_reg[15][5] )
INFO: [Synth 8-3333] propagating constant 1 across sequential element (\u_calculator_display/u_led_display/map_reg[14][5] )
INFO: [Synth 8-3333] propagating constant 0 across sequential element (\u_calculator_display/u_led_display/map_reg[13][5] )
INFO: [Synth 8-3333] propagating constant 0 across sequential element (\u_calculator_display/u_led_display/map_reg[12][5] )
INFO: [Synth 8-3333] propagating constant 1 across sequential element (\u_calculator_display/u_led_display/map_reg[11][5] )
INFO: [Synth 8-3333] propagating constant 1 across sequential element (\u_calculator_display/u_led_display/map_reg[10][5] )
INFO: [Synth 8-3333] propagating constant 1 across sequential element (\u_calculator_display/u_led_display/map_reg[9][5] )
INFO: [Synth 8-3333] propagating constant 1 across sequential element (\u_calculator_display/u_led_display/map_reg[8][5] )
INFO: [Synth 8-3333] propagating constant 0 across sequential element (\u_calculator_display/u_led_display/map_reg[7][5] )
INFO: [Synth 8-3333] propagating constant 1 across sequential element (\u_calculator_display/u_led_display/map_reg[6][5] )
INFO: [Synth 8-3333] propagating constant 1 across sequential element (\u_calculator_display/u_led_display/map_reg[5][5] )
INFO: [Synth 8-3333] propagating constant 1 across sequential element (\u_calculator_display/u_led_display/map_reg[4][5] )
INFO: [Synth 8-3333] propagating constant 0 across sequential element (\u_calculator_display/u_led_display/map_reg[3][5] )
INFO: [Synth 8-3333] propagating constant 0 across sequential element (\u_calculator_display/u_led_display/map_reg[2][5] )
INFO: [Synth 8-3333] propagating constant 0 across sequential element (\u_calculator_display/u_led_display/map_reg[1][5] )
INFO: [Synth 8-3333] propagating constant 1 across sequential element (\u_calculator_display/u_led_display/map_reg[0][5] )
INFO: [Synth 8-3333] propagating constant 1 across sequential element (\u_calculator_display/u_led_display/map_reg[15][4] )
INFO: [Synth 8-3333] propagating constant 1 across sequential element (\u_calculator_display/u_led_display/map_reg[14][4] )
INFO: [Synth 8-3333] propagating constant 1 across sequential element (\u_calculator_display/u_led_display/map_reg[13][4] )
INFO: [Synth 8-3333] propagating constant 1 across sequential element (\u_calculator_display/u_led_display/map_reg[12][4] )
INFO: [Synth 8-3333] propagating constant 1 across sequential element (\u_calculator_display/u_led_display/map_reg[11][4] )
INFO: [Synth 8-3333] propagating constant 1 across sequential element (\u_calculator_display/u_led_display/map_reg[10][4] )
INFO: [Synth 8-3333] propagating constant 0 across sequential element (\u_calculator_display/u_led_display/map_reg[9][4] )
INFO: [Synth 8-3333] propagating constant 1 across sequential element (\u_calculator_display/u_led_display/map_reg[8][4] )
INFO: [Synth 8-3333] propagating constant 0 across sequential element (\u_calculator_display/u_led_display/map_reg[7][4] )
INFO: [Synth 8-3333] propagating constant 1 across sequential element (\u_calculator_display/u_led_display/map_reg[6][4] )
INFO: [Synth 8-3333] propagating constant 0 across sequential element (\u_calculator_display/u_led_display/map_reg[5][4] )
INFO: [Synth 8-3333] propagating constant 0 across sequential element (\u_calculator_display/u_led_display/map_reg[4][4] )
INFO: [Synth 8-3333] propagating constant 0 across sequential element (\u_calculator_display/u_led_display/map_reg[3][4] )
INFO: [Synth 8-3333] propagating constant 1 across sequential element (\u_calculator_display/u_led_display/map_reg[2][4] )
INFO: [Synth 8-3333] propagating constant 0 across sequential element (\u_calculator_display/u_led_display/map_reg[1][4] )
INFO: [Synth 8-3333] propagating constant 1 across sequential element (\u_calculator_display/u_led_display/map_reg[0][4] )
INFO: [Synth 8-3333] propagating constant 0 across sequential element (\u_calculator_display/u_led_display/map_reg[15][3] )
INFO: [Synth 8-3333] propagating constant 1 across sequential element (\u_calculator_display/u_led_display/map_reg[14][3] )
INFO: [Synth 8-3333] propagating constant 1 across sequential element (\u_calculator_display/u_led_display/map_reg[13][3] )
INFO: [Synth 8-3333] propagating constant 1 across sequential element (\u_calculator_display/u_led_display/map_reg[12][3] )
INFO: [Synth 8-3333] propagating constant 1 across sequential element (\u_calculator_display/u_led_display/map_reg[11][3] )
INFO: [Synth 8-3333] propagating constant 0 across sequential element (\u_calculator_display/u_led_display/map_reg[10][3] )
INFO: [Synth 8-3333] propagating constant 0 across sequential element (\u_calculator_display/u_led_display/map_reg[9][3] )
INFO: [Synth 8-3333] propagating constant 1 across sequential element (\u_calculator_display/u_led_display/map_reg[8][3] )
INFO: [Synth 8-3333] propagating constant 0 across sequential element (\u_calculator_display/u_led_display/map_reg[7][3] )
INFO: [Synth 8-3333] propagating constant 1 across sequential element (\u_calculator_display/u_led_display/map_reg[6][3] )
INFO: [Synth 8-3333] propagating constant 1 across sequential element (\u_calculator_display/u_led_display/map_reg[5][3] )
INFO: [Synth 8-3333] propagating constant 0 across sequential element (\u_calculator_display/u_led_display/map_reg[4][3] )
INFO: [Synth 8-3333] propagating constant 1 across sequential element (\u_calculator_display/u_led_display/map_reg[3][3] )
INFO: [Synth 8-3333] propagating constant 1 across sequential element (\u_calculator_display/u_led_display/map_reg[2][3] )
INFO: [Synth 8-3333] propagating constant 0 across sequential element (\u_calculator_display/u_led_display/map_reg[1][3] )
INFO: [Synth 8-3333] propagating constant 1 across sequential element (\u_calculator_display/u_led_display/map_reg[0][3] )
INFO: [Synth 8-3333] propagating constant 0 across sequential element (\u_calculator_display/u_led_display/map_reg[15][2] )
INFO: [Synth 8-3333] propagating constant 0 across sequential element (\u_calculator_display/u_led_display/map_reg[14][2] )
INFO: [Synth 8-3333] propagating constant 1 across sequential element (\u_calculator_display/u_led_display/map_reg[13][2] )
INFO: [Synth 8-3333] propagating constant 0 across sequential element (\u_calculator_display/u_led_display/map_reg[12][2] )
INFO: [Synth 8-3333] propagating constant 1 across sequential element (\u_calculator_display/u_led_display/map_reg[11][2] )
INFO: [Synth 8-3333] propagating constant 1 across sequential element (\u_calculator_display/u_led_display/map_reg[10][2] )
INFO: [Synth 8-3333] propagating constant 1 across sequential element (\u_calculator_display/u_led_display/map_reg[9][2] )
INFO: [Synth 8-3333] propagating constant 1 across sequential element (\u_calculator_display/u_led_display/map_reg[8][2] )
INFO: [Synth 8-3333] propagating constant 1 across sequential element (\u_calculator_display/u_led_display/map_reg[7][2] )
INFO: [Synth 8-3333] propagating constant 1 across sequential element (\u_calculator_display/u_led_display/map_reg[6][2] )
INFO: [Synth 8-3333] propagating constant 1 across sequential element (\u_calculator_display/u_led_display/map_reg[5][2] )
INFO: [Synth 8-3333] propagating constant 1 across sequential element (\u_calculator_display/u_led_display/map_reg[4][2] )
INFO: [Synth 8-3333] propagating constant 1 across sequential element (\u_calculator_display/u_led_display/map_reg[3][2] )
INFO: [Synth 8-3333] propagating constant 0 across sequential element (\u_calculator_display/u_led_display/map_reg[2][2] )
INFO: [Synth 8-3333] propagating constant 1 across sequential element (\u_calculator_display/u_led_display/map_reg[1][2] )
INFO: [Synth 8-3333] propagating constant 1 across sequential element (\u_calculator_display/u_led_display/map_reg[0][2] )
INFO: [Synth 8-3333] propagating constant 0 across sequential element (\u_calculator_display/u_led_display/map_reg[15][1] )
INFO: [Synth 8-3333] propagating constant 0 across sequential element (\u_calculator_display/u_led_display/map_reg[14][1] )
INFO: [Synth 8-3333] propagating constant 1 across sequential element (\u_calculator_display/u_led_display/map_reg[13][1] )
INFO: [Common 17-14] Message 'Synth 8-3333' appears 100 times and further instances of the messages will be disabled. Use the Tcl command set_msg_config to change the current settings.
---------------------------------------------------------------------------------
Finished Cross Boundary and Area Optimization : Time (s): cpu = 00:00:10 ; elapsed = 00:00:42 . Memory (MB): peak = 878.391 ; gain = 509.422
---------------------------------------------------------------------------------
---------------------------------------------------------------------------------
Start ROM, RAM, DSP and Shift Register Reporting
---------------------------------------------------------------------------------

DSP: Preliminary Mapping  Report (see note below)
+---------------+----------------+--------+--------+--------+--------+--------+------+------+------+------+-------+------+------+
|Module Name    | DSP Mapping    | A Size | B Size | C Size | D Size | P Size | AREG | BREG | CREG | DREG | ADREG | MREG | PREG | 
+---------------+----------------+--------+--------+--------+--------+--------+------+------+------+------+-------+------+------+
|calculator_alu | A*B            | 15     | 15     | -      | -      | 15     | 0    | 0    | -    | -    | -     | 0    | 0    | 
|calculator_alu | A*B            | 18     | 18     | -      | -      | 48     | 0    | 0    | -    | -    | -     | 0    | 0    | 
|calculator_alu | (PCIN>>17)+A*B | 15     | 15     | -      | -      | 15     | 0    | 0    | -    | -    | -     | 0    | 0    | 
+---------------+----------------+--------+--------+--------+--------+--------+------+------+------+------+-------+------+------+

Note: The table above is a preliminary report that shows the DSPs inferred at the current stage of the synthesis flow. Some DSP may be reimplemented as non DSP primitives later in the synthesis flow. Multiple instantiated DSPs are reported only once.
---------------------------------------------------------------------------------
Finished ROM, RAM, DSP and Shift Register Reporting
---------------------------------------------------------------------------------

Report RTL Partitions: 
+-+--------------+------------+----------+
| |RTL Partition |Replication |Instances |
+-+--------------+------------+----------+
+-+--------------+------------+----------+
---------------------------------------------------------------------------------
Start Applying XDC Timing Constraints
---------------------------------------------------------------------------------
INFO: [Synth 8-5578] Moved timing constraint from pin 'u_clk_div/clk_out1' to pin 'u_clk_div/bbstub_clk_out1/O'
INFO: [Synth 8-5819] Moved 1 constraints on hierarchical pins to their respective driving/loading pins
---------------------------------------------------------------------------------
Finished Applying XDC Timing Constraints : Time (s): cpu = 00:00:18 ; elapsed = 00:00:51 . Memory (MB): peak = 911.559 ; gain = 542.590
---------------------------------------------------------------------------------
---------------------------------------------------------------------------------
Start Timing Optimization
---------------------------------------------------------------------------------
---------------------------------------------------------------------------------
Finished Timing Optimization : Time (s): cpu = 00:00:22 ; elapsed = 00:00:54 . Memory (MB): peak = 978.281 ; gain = 609.312
---------------------------------------------------------------------------------

Report RTL Partitions: 
+-+--------------+------------+----------+
| |RTL Partition |Replication |Instances |
+-+--------------+------------+----------+
+-+--------------+------------+----------+
---------------------------------------------------------------------------------
Start Technology Mapping
---------------------------------------------------------------------------------
---------------------------------------------------------------------------------
Finished Technology Mapping : Time (s): cpu = 00:00:22 ; elapsed = 00:00:55 . Memory (MB): peak = 978.281 ; gain = 609.312
---------------------------------------------------------------------------------

Report RTL Partitions: 
+-+--------------+------------+----------+
| |RTL Partition |Replication |Instances |
+-+--------------+------------+----------+
+-+--------------+------------+----------+
---------------------------------------------------------------------------------
Start IO Insertion
---------------------------------------------------------------------------------
---------------------------------------------------------------------------------
Start Flattening Before IO Insertion
---------------------------------------------------------------------------------
---------------------------------------------------------------------------------
Finished Flattening Before IO Insertion
---------------------------------------------------------------------------------
---------------------------------------------------------------------------------
Start Final Netlist Cleanup
---------------------------------------------------------------------------------
---------------------------------------------------------------------------------
Finished Final Netlist Cleanup
---------------------------------------------------------------------------------
---------------------------------------------------------------------------------
Finished IO Insertion : Time (s): cpu = 00:00:23 ; elapsed = 00:00:56 . Memory (MB): peak = 978.281 ; gain = 609.312
---------------------------------------------------------------------------------

Report Check Netlist: 
+------+------------------+-------+---------+-------+------------------+
|      |Item              |Errors |Warnings |Status |Description       |
+------+------------------+-------+---------+-------+------------------+
|1     |multi_driven_nets |      0|        0|Passed |Multi driven nets |
+------+------------------+-------+---------+-------+------------------+
---------------------------------------------------------------------------------
Start Renaming Generated Instances
---------------------------------------------------------------------------------
---------------------------------------------------------------------------------
Finished Renaming Generated Instances : Time (s): cpu = 00:00:23 ; elapsed = 00:00:56 . Memory (MB): peak = 978.281 ; gain = 609.312
---------------------------------------------------------------------------------

Report RTL Partitions: 
+-+--------------+------------+----------+
| |RTL Partition |Replication |Instances |
+-+--------------+------------+----------+
+-+--------------+------------+----------+
---------------------------------------------------------------------------------
Start Rebuilding User Hierarchy
---------------------------------------------------------------------------------
---------------------------------------------------------------------------------
Finished Rebuilding User Hierarchy : Time (s): cpu = 00:00:23 ; elapsed = 00:00:56 . Memory (MB): peak = 978.281 ; gain = 609.312
---------------------------------------------------------------------------------
---------------------------------------------------------------------------------
Start Renaming Generated Ports
---------------------------------------------------------------------------------
---------------------------------------------------------------------------------
Finished Renaming Generated Ports : Time (s): cpu = 00:00:23 ; elapsed = 00:00:57 . Memory (MB): peak = 978.281 ; gain = 609.312
---------------------------------------------------------------------------------
---------------------------------------------------------------------------------
Start Handling Custom Attributes
---------------------------------------------------------------------------------
---------------------------------------------------------------------------------
Finished Handling Custom Attributes : Time (s): cpu = 00:00:23 ; elapsed = 00:00:57 . Memory (MB): peak = 978.281 ; gain = 609.312
---------------------------------------------------------------------------------
---------------------------------------------------------------------------------
Start Renaming Generated Nets
---------------------------------------------------------------------------------
---------------------------------------------------------------------------------
Finished Renaming Generated Nets : Time (s): cpu = 00:00:23 ; elapsed = 00:00:57 . Memory (MB): peak = 978.281 ; gain = 609.312
---------------------------------------------------------------------------------
---------------------------------------------------------------------------------
Start Writing Synthesis Report
---------------------------------------------------------------------------------

Report BlackBoxes: 
+------+--------------+----------+
|      |BlackBox name |Instances |
+------+--------------+----------+
|1     |clk_div       |         1|
+------+--------------+----------+

Report Cell Usage: 
+------+--------+------+
|      |Cell    |Count |
+------+--------+------+
|1     |clk_div |     1|
|2     |CARRY4  |   440|
|3     |DSP48E1 |     3|
|4     |LUT1    |    29|
|5     |LUT2    |  1055|
|6     |LUT3    |   545|
|7     |LUT4    |    72|
|8     |LUT5    |    80|
|9     |LUT6    |    75|
|10    |MUXF7   |    28|
|11    |FDCE    |   162|
|12    |IBUF    |    21|
|13    |OBUF    |    16|
+------+--------+------+

Report Instance Areas: 
+------+-----------------------+-------------------+------+
|      |Instance               |Module             |Cells |
+------+-----------------------+-------------------+------+
|1     |top                    |                   |  2528|
|2     |  u_calculator_display |calculator_display |   162|
|3     |    u_led_display      |led_display        |   130|
|4     |  u_calculator_hex     |calculator_hex     |  1605|
|5     |    u_calculator_alu   |calculator_alu     |  1214|
+------+-----------------------+-------------------+------+
---------------------------------------------------------------------------------
Finished Writing Synthesis Report : Time (s): cpu = 00:00:23 ; elapsed = 00:00:57 . Memory (MB): peak = 978.281 ; gain = 609.312
---------------------------------------------------------------------------------
Synthesis finished with 0 errors, 0 critical warnings and 0 warnings.
Synthesis Optimization Runtime : Time (s): cpu = 00:00:18 ; elapsed = 00:00:41 . Memory (MB): peak = 978.281 ; gain = 246.402
Synthesis Optimization Complete : Time (s): cpu = 00:00:23 ; elapsed = 00:00:57 . Memory (MB): peak = 978.281 ; gain = 609.312
INFO: [Project 1-571] Translating synthesized netlist
INFO: [Netlist 29-17] Analyzing 471 Unisim elements for replacement
INFO: [Netlist 29-28] Unisim Transformation completed in 0 CPU seconds
INFO: [Project 1-570] Preparing netlist for logic optimization
INFO: [Opt 31-138] Pushed 0 inverter(s) to 0 load pin(s).
Netlist sorting complete. Time (s): cpu = 00:00:00 ; elapsed = 00:00:00 . Memory (MB): peak = 978.281 ; gain = 0.000
INFO: [Project 1-111] Unisim Transformation Summary:
No Unisim elements were transformed.

INFO: [Common 17-83] Releasing license: Synthesis
181 Infos, 7 Warnings, 0 Critical Warnings and 0 Errors encountered.
synth_design completed successfully
synth_design: Time (s): cpu = 00:00:26 ; elapsed = 00:01:07 . Memory (MB): peak = 978.281 ; gain = 620.844
Netlist sorting complete. Time (s): cpu = 00:00:00 ; elapsed = 00:00:00 . Memory (MB): peak = 978.281 ; gain = 0.000
WARNING: [Constraints 18-5210] No constraints selected for write.
Resolution: This message can indicate that there are no constraints for the design, or it can indicate that the used_in flags are set such that the constraints are ignored. This later case is used when running synth_design to not write synthesis constraints to the resulting checkpoint. Instead, project constraints are read when the synthesized design is opened.
INFO: [Common 17-1381] The checkpoint 'Z:/Programs/lab-digital-logic/lab06/lab/lab.runs/synth_1/calculator_top.dcp' has been generated.
write_checkpoint: Time (s): cpu = 00:00:00 ; elapsed = 00:00:09 . Memory (MB): peak = 978.281 ; gain = 0.000
INFO: [runtcl-4] Executing : report_utilization -file calculator_top_utilization_synth.rpt -pb calculator_top_utilization_synth.pb
INFO: [Common 17-206] Exiting Vivado at Wed Dec 15 15:28:42 2021...
