INFO: [VRFC 10-2263] Analyzing Verilog file "D:/Programs/lab-digital-logic/lab06/lab/lab.srcs/sources_1/ip/clk_div/clk_div_clk_wiz.v" into library xil_defaultlib
INFO: [VRFC 10-311] analyzing module clk_div_clk_wiz
INFO: [VRFC 10-2263] Analyzing Verilog file "D:/Programs/lab-digital-logic/lab06/lab/lab.srcs/sources_1/ip/clk_div/clk_div.v" into library xil_defaultlib
INFO: [VRFC 10-311] analyzing module clk_div
INFO: [VRFC 10-2263] Analyzing Verilog file "D:/Programs/lab-digital-logic/lab06/submit/calculator_display.v" into library xil_defaultlib
INFO: [VRFC 10-311] analyzing module led_display
INFO: [VRFC 10-311] analyzing module calculator_display
INFO: [VRFC 10-2263] Analyzing Verilog file "D:/Programs/lab-digital-logic/lab06/submit/calculator_hex.v" into library xil_defaultlib
INFO: [VRFC 10-311] analyzing module calculator_hex
INFO: [VRFC 10-311] analyzing module calculator_alu
INFO: [VRFC 10-2263] Analyzing Verilog file "D:/Programs/lab-digital-logic/lab06/submit/calculator_top.v" into library xil_defaultlib
INFO: [VRFC 10-311] analyzing module calculator_top
INFO: [VRFC 10-2458] undeclared symbol locked, assumed default net type wire [D:/Programs/lab-digital-logic/lab06/submit/calculator_top.v:25]
INFO: [VRFC 10-2263] Analyzing Verilog file "D:/Programs/lab-digital-logic/lab06/calc_stu_pkg/testbench.v" into library xil_defaultlib
INFO: [VRFC 10-311] analyzing module testbench
INFO: [VRFC 10-2458] undeclared symbol led_en, assumed default net type wire [D:/Programs/lab-digital-logic/lab06/calc_stu_pkg/testbench.v:162]
INFO: [VRFC 10-2458] undeclared symbol led_ca, assumed default net type wire [D:/Programs/lab-digital-logic/lab06/calc_stu_pkg/testbench.v:163]
INFO: [VRFC 10-2458] undeclared symbol led_cb, assumed default net type wire [D:/Programs/lab-digital-logic/lab06/calc_stu_pkg/testbench.v:164]
INFO: [VRFC 10-2458] undeclared symbol led_cc, assumed default net type wire [D:/Programs/lab-digital-logic/lab06/calc_stu_pkg/testbench.v:165]
INFO: [VRFC 10-2458] undeclared symbol led_cd, assumed default net type wire [D:/Programs/lab-digital-logic/lab06/calc_stu_pkg/testbench.v:166]
INFO: [VRFC 10-2458] undeclared symbol led_ce, assumed default net type wire [D:/Programs/lab-digital-logic/lab06/calc_stu_pkg/testbench.v:167]
INFO: [VRFC 10-2458] undeclared symbol led_cf, assumed default net type wire [D:/Programs/lab-digital-logic/lab06/calc_stu_pkg/testbench.v:168]
INFO: [VRFC 10-2458] undeclared symbol led_cg, assumed default net type wire [D:/Programs/lab-digital-logic/lab06/calc_stu_pkg/testbench.v:169]
INFO: [VRFC 10-2458] undeclared symbol led_dp, assumed default net type wire [D:/Programs/lab-digital-logic/lab06/calc_stu_pkg/testbench.v:170]
